<?xml version="1.0" encoding="UTF-8"?>
<!-- Generated by org.testng.reporters.JUnitReportReporter -->
<testsuite hostname="Asims-MBP" failures="0" tests="1" name="com.united.test_runner.Test_Runner" time="24.145" errors="0" timestamp="2021-12-14T10:11:37 GMT-05:00" skipped="0">
  <testcase classname="com.united.test_runner.Test_Runner" name="runScenario" time="24.145"/>
  <system-out/>
</testsuite> <!-- com.united.test_runner.Test_Runner -->
